  [1m[35m (7.5ms)[0m  [1m[35mCREATE TABLE "schema_migrations" ("version" varchar NOT NULL PRIMARY KEY)[0m
  [1m[35m (4.5ms)[0m  [1m[35mCREATE TABLE "ar_internal_metadata" ("key" varchar NOT NULL PRIMARY KEY, "value" varchar, "created_at" datetime(6) NOT NULL, "updated_at" datetime(6) NOT NULL)[0m
  [1m[36mActiveRecord::SchemaMigration Pluck (0.2ms)[0m  [1m[34mSELECT "schema_migrations"."version" FROM "schema_migrations" ORDER BY "schema_migrations"."version" ASC[0m
Migrating to CreateOrders (20231004093724)
  [1m[36mTRANSACTION (0.1ms)[0m  [1m[36mbegin transaction[0m
  [1m[35m (0.3ms)[0m  [1m[35mCREATE TABLE "orders" ("id" integer PRIMARY KEY AUTOINCREMENT NOT NULL, "promotion_code" varchar, "discount_code" varchar, "status" integer, "created_at" datetime(6) NOT NULL, "updated_at" datetime(6) NOT NULL)[0m
  [1m[36mActiveRecord::SchemaMigration Create (0.2ms)[0m  [1m[32mINSERT INTO "schema_migrations" ("version") VALUES (?)[0m  [["version", "20231004093724"]]
  [1m[36mTRANSACTION (4.7ms)[0m  [1m[36mcommit transaction[0m
Migrating to CreateItems (20231004093736)
  [1m[36mTRANSACTION (0.1ms)[0m  [1m[36mbegin transaction[0m
  [1m[35m (0.3ms)[0m  [1m[35mCREATE TABLE "items" ("id" integer PRIMARY KEY AUTOINCREMENT NOT NULL, "created_at" datetime(6) NOT NULL, "updated_at" datetime(6) NOT NULL)[0m
  [1m[36mActiveRecord::SchemaMigration Create (0.2ms)[0m  [1m[32mINSERT INTO "schema_migrations" ("version") VALUES (?)[0m  [["version", "20231004093736"]]
  [1m[36mTRANSACTION (8.7ms)[0m  [1m[36mcommit transaction[0m
Migrating to CreateOrderItems (20231004093943)
  [1m[36mTRANSACTION (0.1ms)[0m  [1m[36mbegin transaction[0m
  [1m[35m (0.3ms)[0m  [1m[35mCREATE TABLE "order_items" ("id" integer PRIMARY KEY AUTOINCREMENT NOT NULL, "created_at" datetime(6) NOT NULL, "updated_at" datetime(6) NOT NULL)[0m
  [1m[36mActiveRecord::SchemaMigration Create (0.2ms)[0m  [1m[32mINSERT INTO "schema_migrations" ("version") VALUES (?)[0m  [["version", "20231004093943"]]
  [1m[36mTRANSACTION (4.3ms)[0m  [1m[36mcommit transaction[0m
Migrating to CreateIngredients (20231004094106)
  [1m[36mTRANSACTION (0.1ms)[0m  [1m[36mbegin transaction[0m
  [1m[35m (0.3ms)[0m  [1m[35mCREATE TABLE "ingredients" ("id" integer PRIMARY KEY AUTOINCREMENT NOT NULL, "created_at" datetime(6) NOT NULL, "updated_at" datetime(6) NOT NULL)[0m
  [1m[36mActiveRecord::SchemaMigration Create (0.2ms)[0m  [1m[32mINSERT INTO "schema_migrations" ("version") VALUES (?)[0m  [["version", "20231004094106"]]
  [1m[36mTRANSACTION (4.1ms)[0m  [1m[36mcommit transaction[0m
  [1m[36mActiveRecord::InternalMetadata Load (0.2ms)[0m  [1m[34mSELECT "ar_internal_metadata".* FROM "ar_internal_metadata" WHERE "ar_internal_metadata"."key" = ? LIMIT ?[0m  [["key", "environment"], ["LIMIT", 1]]
  [1m[36mTRANSACTION (0.1ms)[0m  [1m[36mbegin transaction[0m
  [1m[36mActiveRecord::InternalMetadata Create (0.3ms)[0m  [1m[32mINSERT INTO "ar_internal_metadata" ("key", "value", "created_at", "updated_at") VALUES (?, ?, ?, ?)[0m  [["key", "environment"], ["value", "development"], ["created_at", "2023-10-04 09:53:31.484439"], ["updated_at", "2023-10-04 09:53:31.484439"]]
  [1m[36mTRANSACTION (3.0ms)[0m  [1m[36mcommit transaction[0m
  [1m[36mActiveRecord::SchemaMigration Pluck (0.1ms)[0m  [1m[34mSELECT "schema_migrations"."version" FROM "schema_migrations" ORDER BY "schema_migrations"."version" ASC[0m
  [1m[36mTRANSACTION (0.2ms)[0m  [1m[36mbegin transaction[0m
  [1m[36mOrder Create (1.4ms)[0m  [1m[32mINSERT INTO "orders" ("promotion_code", "discount_code", "status", "created_at", "updated_at") VALUES (?, ?, ?, ?, ?)[0m  [["promotion_code", "2FHAR"], ["discount_code", "KJHGF"], ["status", 0], ["created_at", "2023-10-04 10:17:45.566021"], ["updated_at", "2023-10-04 10:17:45.566021"]]
  [1m[36mTRANSACTION (6.6ms)[0m  [1m[36mcommit transaction[0m
Started GET "/" for ::1 at 2023-10-04 15:19:39 +0500
  [1m[36mActiveRecord::SchemaMigration Pluck (0.2ms)[0m  [1m[34mSELECT "schema_migrations"."version" FROM "schema_migrations" ORDER BY "schema_migrations"."version" ASC[0m
Processing by OrdersController#index as HTML
  Rendering layout layouts/application.html.erb
  Rendering orders/index.html.erb within layouts/application
  Rendered orders/index.html.erb within layouts/application (Duration: 1.4ms | Allocations: 475)
  Rendered layout layouts/application.html.erb (Duration: 324.8ms | Allocations: 90038)
Completed 200 OK in 338ms (Views: 330.9ms | ActiveRecord: 0.0ms | Allocations: 95324)


Started GET "/" for ::1 at 2023-10-04 15:22:18 +0500
Processing by OrdersController#index as HTML
  Rendering layout layouts/application.html.erb
  Rendering orders/index.html.erb within layouts/application
  Rendered orders/index.html.erb within layouts/application (Duration: 12.9ms | Allocations: 4198)
  Rendered layout layouts/application.html.erb (Duration: 13.6ms | Allocations: 4272)
Completed 500 Internal Server Error in 17ms (ActiveRecord: 0.0ms | Allocations: 5142)


  
ActionView::SyntaxErrorInTemplate (Encountered a syntax error while rendering template: check <div>
  <h1>Orders</h1>
</div>

<div>
  <% @orders.each do |ord| %>
    <%= ID: ord.id%>
  <% end %>
</div>
):
1:    <div>
2:      <h1>Orders</h1>
3:    </div>
4:    
5:    <div>
6:      <% @orders.each do |ord| %>
7:        <%= ID: ord.id%>
8:      <% end %>
9:    </div>
  
app/views/orders/index.html.erb:7: syntax error, unexpected label
app/views/orders/index.html.erb:7: syntax error, unexpected label
app/views/orders/index.html.erb:7: syntax error, unexpected label
app/views/orders/index.html.erb:7: syntax error, unexpected label
Started GET "/" for ::1 at 2023-10-04 15:22:48 +0500
Processing by OrdersController#index as HTML
  Rendering layout layouts/application.html.erb
  Rendering orders/index.html.erb within layouts/application
  Rendered orders/index.html.erb within layouts/application (Duration: 1.6ms | Allocations: 1100)
  Rendered layout layouts/application.html.erb (Duration: 2.2ms | Allocations: 1173)
Completed 500 Internal Server Error in 6ms (ActiveRecord: 0.0ms | Allocations: 2029)


  
ActionView::SyntaxErrorInTemplate (Encountered a syntax error while rendering template: check <div>
  <h1>Orders</h1>
</div>

<div>
  <% @orders.each do |ord| %>
    <%= ID: {ord.id}%>
  <% end %>
</div>
):
1:    <div>
2:      <h1>Orders</h1>
3:    </div>
4:    
5:    <div>
6:      <% @orders.each do |ord| %>
7:        <%= ID: {ord.id}%>
8:      <% end %>
9:    </div>
  
app/views/orders/index.html.erb:7: syntax error, unexpected label
app/views/orders/index.html.erb:7: syntax error, unexpected '}', expecting =>
app/views/orders/index.html.erb:8: syntax error, unexpected `end', expecting ')'
app/views/orders/index.html.erb:11: syntax error, unexpected `end', expecting ')'
app/views/orders/index.html.erb:7: syntax error, unexpected label
app/views/orders/index.html.erb:7: syntax error, unexpected '}', expecting =>
app/views/orders/index.html.erb:8: syntax error, unexpected `end', expecting ')'
app/views/orders/index.html.erb:11: syntax error, unexpected `end', expecting ')'
app/views/orders/index.html.erb:7: syntax error, unexpected label
app/views/orders/index.html.erb:7: syntax error, unexpected '}', expecting =>
app/views/orders/index.html.erb:8: syntax error, unexpected `end', expecting ')'
app/views/orders/index.html.erb:11: syntax error, unexpected `end', expecting ')'
app/views/orders/index.html.erb:7: syntax error, unexpected label
app/views/orders/index.html.erb:7: syntax error, unexpected '}', expecting =>
app/views/orders/index.html.erb:8: syntax error, unexpected `end', expecting ')'
app/views/orders/index.html.erb:11: syntax error, unexpected `end', expecting ')'
Started GET "/" for ::1 at 2023-10-04 15:23:12 +0500
Processing by OrdersController#index as HTML
  Rendering layout layouts/application.html.erb
  Rendering orders/index.html.erb within layouts/application
  Rendered orders/index.html.erb within layouts/application (Duration: 0.7ms | Allocations: 1101)
  Rendered layout layouts/application.html.erb (Duration: 1.0ms | Allocations: 1175)
Completed 500 Internal Server Error in 3ms (ActiveRecord: 0.0ms | Allocations: 2031)


  
ActionView::SyntaxErrorInTemplate (Encountered a syntax error while rendering template: check <div>
  <h1>Orders</h1>
</div>

<div>
  <% @orders.each do |ord| %>
    <%= ID: {{ord.id}}%>
  <% end %>
</div>
):
1:    <div>
2:      <h1>Orders</h1>
3:    </div>
4:    
5:    <div>
6:      <% @orders.each do |ord| %>
7:        <%= ID: {{ord.id}}%>
8:      <% end %>
9:    </div>
  
app/views/orders/index.html.erb:7: syntax error, unexpected label
app/views/orders/index.html.erb:7: syntax error, unexpected '}', expecting =>
app/views/orders/index.html.erb:8: syntax error, unexpected `end', expecting ')'
app/views/orders/index.html.erb:11: syntax error, unexpected `end', expecting ')'
app/views/orders/index.html.erb:7: syntax error, unexpected label
app/views/orders/index.html.erb:7: syntax error, unexpected '}', expecting =>
app/views/orders/index.html.erb:8: syntax error, unexpected `end', expecting ')'
app/views/orders/index.html.erb:11: syntax error, unexpected `end', expecting ')'
app/views/orders/index.html.erb:7: syntax error, unexpected label
app/views/orders/index.html.erb:7: syntax error, unexpected '}', expecting =>
app/views/orders/index.html.erb:8: syntax error, unexpected `end', expecting ')'
app/views/orders/index.html.erb:11: syntax error, unexpected `end', expecting ')'
app/views/orders/index.html.erb:7: syntax error, unexpected label
app/views/orders/index.html.erb:7: syntax error, unexpected '}', expecting =>
app/views/orders/index.html.erb:8: syntax error, unexpected `end', expecting ')'
app/views/orders/index.html.erb:11: syntax error, unexpected `end', expecting ')'
Started GET "/" for ::1 at 2023-10-04 15:23:25 +0500
Processing by OrdersController#index as HTML
  Rendering layout layouts/application.html.erb
  Rendering orders/index.html.erb within layouts/application
  Rendered orders/index.html.erb within layouts/application (Duration: 2.1ms | Allocations: 1588)
  Rendered layout layouts/application.html.erb (Duration: 2.5ms | Allocations: 1660)
Completed 500 Internal Server Error in 6ms (ActiveRecord: 0.0ms | Allocations: 2519)


  
ActionView::Template::Error (undefined method `each' for nil:NilClass):
    3: </div>
    4: 
    5: <div>
    6:   <% @orders.each do |ord| %>
    7:     <%= ID%>
    8:   <% end %>
    9: </div>
  
app/views/orders/index.html.erb:6
Started GET "/" for ::1 at 2023-10-04 15:24:33 +0500
Processing by OrdersController#index as HTML
  Rendering layout layouts/application.html.erb
  Rendering orders/index.html.erb within layouts/application
  Rendered orders/index.html.erb within layouts/application (Duration: 7.5ms | Allocations: 1541)
  Rendered layout layouts/application.html.erb (Duration: 9.0ms | Allocations: 1614)
Completed 500 Internal Server Error in 14ms (ActiveRecord: 0.0ms | Allocations: 2469)


  
ActionView::Template::Error (undefined method `each' for nil:NilClass):
    3: </div>
    4: 
    5: <div>
    6:   <% @orders.each do |ord| %>
    7:     <%= ID%>
    8:   <% end %>
    9: </div>
  
app/views/orders/index.html.erb:6
  [1m[36mOrder Load (0.6ms)[0m  [1m[34mSELECT "orders".* FROM "orders"[0m
Started GET "/" for ::1 at 2023-10-04 15:25:36 +0500
Processing by OrdersController#index as HTML
  Rendering layout layouts/application.html.erb
  Rendering orders/index.html.erb within layouts/application
  [1m[36mOrder Load (0.2ms)[0m  [1m[34mSELECT "orders".* FROM "orders"[0m
  ↳ app/views/orders/index.html.erb:6
  Rendered orders/index.html.erb within layouts/application (Duration: 20.1ms | Allocations: 17633)
  Rendered layout layouts/application.html.erb (Duration: 20.6ms | Allocations: 17706)
Completed 500 Internal Server Error in 31ms (ActiveRecord: 1.3ms | Allocations: 23523)


  
ActionView::Template::Error (uninitialized constant #<Class:0x00007f8fe8015458>::ID):
    4: 
    5: <div>
    6:   <% @orders.each do |ord| %>
    7:     <%= ID%>
    8:   <% end %>
    9: </div>
  
app/views/orders/index.html.erb:7
app/views/orders/index.html.erb:6
Started GET "/" for ::1 at 2023-10-04 15:25:58 +0500
Processing by OrdersController#index as HTML
  Rendering layout layouts/application.html.erb
  Rendering orders/index.html.erb within layouts/application
  [1m[36mOrder Load (0.1ms)[0m  [1m[34mSELECT "orders".* FROM "orders"[0m
  ↳ app/views/orders/index.html.erb:6
  Rendered orders/index.html.erb within layouts/application (Duration: 1.8ms | Allocations: 710)
  Rendered layout layouts/application.html.erb (Duration: 18.5ms | Allocations: 14743)
Completed 200 OK in 22ms (Views: 20.6ms | ActiveRecord: 0.1ms | Allocations: 15830)


Started GET "/" for ::1 at 2023-10-04 15:26:21 +0500
Processing by OrdersController#index as HTML
  Rendering layout layouts/application.html.erb
  Rendering orders/index.html.erb within layouts/application
  Rendered orders/index.html.erb within layouts/application (Duration: 1.1ms | Allocations: 1103)
  Rendered layout layouts/application.html.erb (Duration: 2.0ms | Allocations: 1176)
Completed 500 Internal Server Error in 6ms (ActiveRecord: 0.0ms | Allocations: 2232)


  
ActionView::SyntaxErrorInTemplate (Encountered a syntax error while rendering template: check <div>
  <h1>Orders</h1>
</div>

<div>
  <% @orders.each do |ord| %>
    <%= 'ID': ord.id%>
  <% end %>
</div>
):
1:    <div>
2:      <h1>Orders</h1>
3:    </div>
4:    
5:    <div>
6:      <% @orders.each do |ord| %>
7:        <%= 'ID': ord.id%>
8:      <% end %>
9:    </div>
  
app/views/orders/index.html.erb:7: syntax error, unexpected tLABEL_END, expecting literal content or terminator or tSTRING_DBEG or tSTRING_DVAR
app/views/orders/index.html.erb:7: syntax error, unexpected tLABEL_END, expecting literal content or terminator or tSTRING_DBEG or tSTRING_DVAR
app/views/orders/index.html.erb:7: syntax error, unexpected tLABEL_END, expecting literal content or terminator or tSTRING_DBEG or tSTRING_DVAR
app/views/orders/index.html.erb:7: syntax error, unexpected tLABEL_END, expecting literal content or terminator or tSTRING_DBEG or tSTRING_DVAR
Started GET "/" for ::1 at 2023-10-04 15:27:11 +0500
Processing by OrdersController#index as HTML
  Rendering layout layouts/application.html.erb
  Rendering orders/index.html.erb within layouts/application
  [1m[36mOrder Load (0.2ms)[0m  [1m[34mSELECT "orders".* FROM "orders"[0m
  ↳ app/views/orders/index.html.erb:6
  Rendered orders/index.html.erb within layouts/application (Duration: 3.2ms | Allocations: 696)
  Rendered layout layouts/application.html.erb (Duration: 14.4ms | Allocations: 3424)
Completed 200 OK in 22ms (Views: 19.4ms | ActiveRecord: 0.2ms | Allocations: 4508)


  [1m[36mActiveRecord::SchemaMigration Pluck (0.2ms)[0m  [1m[34mSELECT "schema_migrations"."version" FROM "schema_migrations" ORDER BY "schema_migrations"."version" ASC[0m
  [1m[36mActiveRecord::InternalMetadata Pluck (0.2ms)[0m  [1m[34mSELECT "ar_internal_metadata"."value" FROM "ar_internal_metadata" WHERE "ar_internal_metadata"."key" = ? LIMIT ?[0m  [["key", "environment"], ["LIMIT", 1]]
  [1m[36mActiveRecord::SchemaMigration Pluck (0.1ms)[0m  [1m[34mSELECT "schema_migrations"."version" FROM "schema_migrations" ORDER BY "schema_migrations"."version" ASC[0m
  [1m[36mActiveRecord::InternalMetadata Pluck (0.1ms)[0m  [1m[34mSELECT "ar_internal_metadata"."value" FROM "ar_internal_metadata" WHERE "ar_internal_metadata"."key" = ? LIMIT ?[0m  [["key", "environment"], ["LIMIT", 1]]
  [1m[36mActiveRecord::SchemaMigration Pluck (0.1ms)[0m  [1m[34mSELECT "schema_migrations"."version" FROM "schema_migrations" ORDER BY "schema_migrations"."version" ASC[0m
  [1m[36mActiveRecord::InternalMetadata Pluck (0.1ms)[0m  [1m[34mSELECT "ar_internal_metadata"."value" FROM "ar_internal_metadata" WHERE "ar_internal_metadata"."key" = ? LIMIT ?[0m  [["key", "environment"], ["LIMIT", 1]]
  [1m[35m (6.5ms)[0m  [1m[35mCREATE TABLE "schema_migrations" ("version" varchar NOT NULL PRIMARY KEY)[0m
  [1m[35m (4.3ms)[0m  [1m[35mCREATE TABLE "ar_internal_metadata" ("key" varchar NOT NULL PRIMARY KEY, "value" varchar, "created_at" datetime(6) NOT NULL, "updated_at" datetime(6) NOT NULL)[0m
  [1m[36mActiveRecord::SchemaMigration Pluck (0.1ms)[0m  [1m[34mSELECT "schema_migrations"."version" FROM "schema_migrations" ORDER BY "schema_migrations"."version" ASC[0m
Migrating to CreateOrders (20231004093724)
  [1m[36mTRANSACTION (0.1ms)[0m  [1m[36mbegin transaction[0m
  [1m[35m (0.4ms)[0m  [1m[35mCREATE TABLE "orders" ("id" integer PRIMARY KEY AUTOINCREMENT NOT NULL, "promotion_code" varchar, "discount_code" varchar, "status" integer, "created" datetime(6), "total_price" decimal, "created_at" datetime(6) NOT NULL, "updated_at" datetime(6) NOT NULL)[0m
  [1m[36mActiveRecord::SchemaMigration Create (0.2ms)[0m  [1m[32mINSERT INTO "schema_migrations" ("version") VALUES (?)[0m  [["version", "20231004093724"]]
  [1m[36mTRANSACTION (4.6ms)[0m  [1m[36mcommit transaction[0m
Migrating to CreateItems (20231004093736)
  [1m[36mTRANSACTION (0.1ms)[0m  [1m[36mbegin transaction[0m
  [1m[35m (0.3ms)[0m  [1m[35mCREATE TABLE "items" ("id" integer PRIMARY KEY AUTOINCREMENT NOT NULL, "created_at" datetime(6) NOT NULL, "updated_at" datetime(6) NOT NULL)[0m
  [1m[36mActiveRecord::SchemaMigration Create (0.2ms)[0m  [1m[32mINSERT INTO "schema_migrations" ("version") VALUES (?)[0m  [["version", "20231004093736"]]
  [1m[36mTRANSACTION (3.8ms)[0m  [1m[36mcommit transaction[0m
Migrating to CreateOrderItems (20231004093943)
  [1m[36mTRANSACTION (0.3ms)[0m  [1m[36mbegin transaction[0m
  [1m[35m (1.1ms)[0m  [1m[35mCREATE TABLE "order_items" ("id" integer PRIMARY KEY AUTOINCREMENT NOT NULL, "created_at" datetime(6) NOT NULL, "updated_at" datetime(6) NOT NULL)[0m
  [1m[36mActiveRecord::SchemaMigration Create (0.3ms)[0m  [1m[32mINSERT INTO "schema_migrations" ("version") VALUES (?)[0m  [["version", "20231004093943"]]
  [1m[36mTRANSACTION (4.2ms)[0m  [1m[36mcommit transaction[0m
Migrating to CreateIngredients (20231004094106)
  [1m[36mTRANSACTION (0.1ms)[0m  [1m[36mbegin transaction[0m
  [1m[35m (0.3ms)[0m  [1m[35mCREATE TABLE "ingredients" ("id" integer PRIMARY KEY AUTOINCREMENT NOT NULL, "created_at" datetime(6) NOT NULL, "updated_at" datetime(6) NOT NULL)[0m
  [1m[36mActiveRecord::SchemaMigration Create (0.2ms)[0m  [1m[32mINSERT INTO "schema_migrations" ("version") VALUES (?)[0m  [["version", "20231004094106"]]
  [1m[36mTRANSACTION (4.1ms)[0m  [1m[36mcommit transaction[0m
  [1m[36mActiveRecord::InternalMetadata Load (0.2ms)[0m  [1m[34mSELECT "ar_internal_metadata".* FROM "ar_internal_metadata" WHERE "ar_internal_metadata"."key" = ? LIMIT ?[0m  [["key", "environment"], ["LIMIT", 1]]
  [1m[36mTRANSACTION (0.1ms)[0m  [1m[36mbegin transaction[0m
  [1m[36mActiveRecord::InternalMetadata Create (0.3ms)[0m  [1m[32mINSERT INTO "ar_internal_metadata" ("key", "value", "created_at", "updated_at") VALUES (?, ?, ?, ?)[0m  [["key", "environment"], ["value", "development"], ["created_at", "2023-10-04 10:29:41.339331"], ["updated_at", "2023-10-04 10:29:41.339331"]]
  [1m[36mTRANSACTION (3.5ms)[0m  [1m[36mcommit transaction[0m
  [1m[36mActiveRecord::SchemaMigration Pluck (0.1ms)[0m  [1m[34mSELECT "schema_migrations"."version" FROM "schema_migrations" ORDER BY "schema_migrations"."version" ASC[0m
  [1m[36mTRANSACTION (0.2ms)[0m  [1m[36mbegin transaction[0m
  [1m[36mOrder Create (0.8ms)[0m  [1m[32mINSERT INTO "orders" ("promotion_code", "discount_code", "status", "created", "total_price", "created_at", "updated_at") VALUES (?, ?, ?, ?, ?, ?, ?)[0m  [["promotion_code", "2FHAR"], ["discount_code", "KJHGF"], ["status", 0], ["created", "2023-10-04 10:30:30.514102"], ["total_price", 100.0], ["created_at", "2023-10-04 10:30:30.583905"], ["updated_at", "2023-10-04 10:30:30.583905"]]
  [1m[36mTRANSACTION (6.3ms)[0m  [1m[36mcommit transaction[0m
Started GET "/" for ::1 at 2023-10-04 15:32:02 +0500
  [1m[36mActiveRecord::SchemaMigration Pluck (0.1ms)[0m  [1m[34mSELECT "schema_migrations"."version" FROM "schema_migrations" ORDER BY "schema_migrations"."version" ASC[0m
Processing by OrdersController#index as HTML
  Rendering layout layouts/application.html.erb
  Rendering orders/index.html.erb within layouts/application
  [1m[36mOrder Load (0.2ms)[0m  [1m[34mSELECT "orders".* FROM "orders"[0m
  ↳ app/views/orders/index.html.erb:6
  Rendered orders/index.html.erb within layouts/application (Duration: 17.9ms | Allocations: 15520)
  Rendered layout layouts/application.html.erb (Duration: 36.5ms | Allocations: 29532)
Completed 200 OK in 45ms (Views: 36.9ms | ActiveRecord: 1.3ms | Allocations: 34697)


